12:36:28.020 [ApplicationImpl pooled thread 2] INFO  c.b.l.BrowserStackRunExtension - application
12:36:28.024 [ApplicationImpl pooled thread 2] INFO  com.browserstack.utils.Helpers - null
12:41:04.446 [ApplicationImpl pooled thread 11] INFO  c.b.l.BrowserStackRunExtension - application
12:41:04.446 [ApplicationImpl pooled thread 11] INFO  com.browserstack.utils.Helpers - null
12:44:52.667 [ApplicationImpl pooled thread 10] INFO  c.b.l.BrowserStackRunExtension - application
12:44:52.667 [ApplicationImpl pooled thread 10] INFO  com.browserstack.utils.Helpers - null
12:49:05.557 [ApplicationImpl pooled thread 17] INFO  c.b.l.BrowserStackRunExtension - application
12:49:05.558 [ApplicationImpl pooled thread 17] INFO  com.browserstack.utils.Helpers - null
12:55:01.891 [ApplicationImpl pooled thread 17] INFO  c.b.l.BrowserStackRunExtension - application
12:55:01.891 [ApplicationImpl pooled thread 17] INFO  com.browserstack.utils.Helpers - null
19:23:51.591 [AWT-EventQueue-0] INFO  c.b.actions.EnableBrowserStack - Setting enable browserstack run update
19:23:51.609 [AWT-EventQueue-0] INFO  c.b.actions.DisableBrowserStack - Setting disable browserstack run update
19:24:01.037 [AWT-EventQueue-0] INFO  c.b.actions.DisableBrowserStack - Setting disable browserstack run update
19:24:01.059 [AWT-EventQueue-0] INFO  c.b.actions.EnableBrowserStack - Setting enable browserstack run update
12:51:59.196 [ApplicationImpl pooled thread 6] INFO  c.b.l.BrowserStackRunExtension - application
12:51:59.211 [ApplicationImpl pooled thread 6] INFO  com.browserstack.utils.Helpers - null
12:55:49.362 [ApplicationImpl pooled thread 9] INFO  c.b.l.BrowserStackRunExtension - application
12:55:49.363 [ApplicationImpl pooled thread 9] INFO  com.browserstack.utils.Helpers - null
13:03:29.775 [ApplicationImpl pooled thread 23] INFO  c.b.l.BrowserStackRunExtension - application
13:03:29.776 [ApplicationImpl pooled thread 23] INFO  com.browserstack.utils.Helpers - null
13:07:19.952 [ApplicationImpl pooled thread 28] INFO  c.b.l.BrowserStackRunExtension - application
13:07:19.953 [ApplicationImpl pooled thread 28] INFO  com.browserstack.utils.Helpers - null
13:10:48.890 [ApplicationImpl pooled thread 31] INFO  c.b.l.BrowserStackRunExtension - application
13:10:48.891 [ApplicationImpl pooled thread 31] INFO  com.browserstack.utils.Helpers - null
13:13:09.947 [ApplicationImpl pooled thread 33] INFO  c.b.l.BrowserStackRunExtension - application
13:13:09.948 [ApplicationImpl pooled thread 33] INFO  com.browserstack.utils.Helpers - null
13:35:51.386 [ApplicationImpl pooled thread 4] INFO  c.b.l.BrowserStackRunExtension - application
13:35:51.392 [ApplicationImpl pooled thread 4] INFO  com.browserstack.utils.Helpers - null
13:37:05.399 [ApplicationImpl pooled thread 9] INFO  c.b.l.BrowserStackRunExtension - application
13:37:05.400 [ApplicationImpl pooled thread 9] INFO  com.browserstack.utils.Helpers - null
13:40:29.883 [ApplicationImpl pooled thread 9] INFO  c.b.l.BrowserStackRunExtension - application
13:40:29.884 [ApplicationImpl pooled thread 9] INFO  com.browserstack.utils.Helpers - null
13:48:09.823 [ApplicationImpl pooled thread 24] INFO  c.b.l.BrowserStackRunExtension - application
13:48:09.824 [ApplicationImpl pooled thread 24] INFO  com.browserstack.utils.Helpers - null
13:53:57.396 [ApplicationImpl pooled thread 21] INFO  c.b.l.BrowserStackRunExtension - application
13:53:57.403 [ApplicationImpl pooled thread 21] INFO  com.browserstack.utils.Helpers - null
14:08:22.622 [ApplicationImpl pooled thread 38] INFO  c.b.l.BrowserStackRunExtension - application
14:08:22.625 [ApplicationImpl pooled thread 38] INFO  com.browserstack.utils.Helpers - null
14:12:10.243 [ApplicationImpl pooled thread 41] INFO  c.b.l.BrowserStackRunExtension - application
14:12:10.244 [ApplicationImpl pooled thread 41] INFO  com.browserstack.utils.Helpers - null
14:35:49.709 [ApplicationImpl pooled thread 2] INFO  c.b.l.BrowserStackRunExtension - application
14:35:49.727 [ApplicationImpl pooled thread 2] INFO  com.browserstack.utils.Helpers - null
14:42:46.115 [ApplicationImpl pooled thread 15] INFO  c.b.l.BrowserStackRunExtension - application
14:42:46.115 [ApplicationImpl pooled thread 15] INFO  com.browserstack.utils.Helpers - null
14:43:55.916 [ApplicationImpl pooled thread 14] INFO  c.b.l.BrowserStackRunExtension - application
14:43:55.916 [ApplicationImpl pooled thread 14] INFO  com.browserstack.utils.Helpers - null
14:45:50.590 [ApplicationImpl pooled thread 19] INFO  c.b.l.BrowserStackRunExtension - application
14:45:50.590 [ApplicationImpl pooled thread 19] INFO  com.browserstack.utils.Helpers - null
14:48:25.355 [ApplicationImpl pooled thread 17] INFO  c.b.l.BrowserStackRunExtension - application
14:48:25.356 [ApplicationImpl pooled thread 17] INFO  com.browserstack.utils.Helpers - null
14:50:10.224 [ApplicationImpl pooled thread 26] INFO  c.b.l.BrowserStackRunExtension - application
14:50:10.225 [ApplicationImpl pooled thread 26] INFO  com.browserstack.utils.Helpers - null
14:51:04.022 [ApplicationImpl pooled thread 26] INFO  c.b.l.BrowserStackRunExtension - application
14:51:04.022 [ApplicationImpl pooled thread 26] INFO  com.browserstack.utils.Helpers - null
14:53:39.978 [ApplicationImpl pooled thread 28] INFO  c.b.l.BrowserStackRunExtension - application
14:53:39.978 [ApplicationImpl pooled thread 28] INFO  com.browserstack.utils.Helpers - null
14:54:14.612 [ApplicationImpl pooled thread 17] INFO  c.b.l.BrowserStackRunExtension - application
14:54:14.613 [ApplicationImpl pooled thread 17] INFO  com.browserstack.utils.Helpers - null
14:55:46.344 [ApplicationImpl pooled thread 21] INFO  c.b.l.BrowserStackRunExtension - application
14:55:46.344 [ApplicationImpl pooled thread 21] INFO  com.browserstack.utils.Helpers - null
14:59:43.557 [ApplicationImpl pooled thread 26] INFO  c.b.l.BrowserStackRunExtension - application
14:59:43.557 [ApplicationImpl pooled thread 26] INFO  com.browserstack.utils.Helpers - null
15:15:43.347 [ApplicationImpl pooled thread 35] INFO  c.b.l.BrowserStackRunExtension - application
15:15:43.348 [ApplicationImpl pooled thread 35] INFO  com.browserstack.utils.Helpers - null
15:16:31.220 [ApplicationImpl pooled thread 40] INFO  c.b.l.BrowserStackRunExtension - application
15:16:31.221 [ApplicationImpl pooled thread 40] INFO  com.browserstack.utils.Helpers - null
15:18:45.318 [ApplicationImpl pooled thread 40] INFO  c.b.l.BrowserStackRunExtension - application
15:18:45.318 [ApplicationImpl pooled thread 40] INFO  com.browserstack.utils.Helpers - null
15:29:00.597 [ApplicationImpl pooled thread 9] INFO  c.b.l.BrowserStackRunExtension - application
15:29:00.600 [ApplicationImpl pooled thread 9] INFO  com.browserstack.utils.Helpers - null
15:34:07.948 [ApplicationImpl pooled thread 11] INFO  c.b.l.BrowserStackRunExtension - application
15:34:07.948 [ApplicationImpl pooled thread 11] INFO  com.browserstack.utils.Helpers - null
15:51:33.988 [ApplicationImpl pooled thread 29] INFO  c.b.l.BrowserStackRunExtension - application
15:51:33.989 [ApplicationImpl pooled thread 29] INFO  com.browserstack.utils.Helpers - null
16:01:51.730 [ApplicationImpl pooled thread 35] INFO  c.b.l.BrowserStackRunExtension - application
16:01:51.730 [ApplicationImpl pooled thread 35] INFO  com.browserstack.utils.Helpers - null
16:08:42.138 [ApplicationImpl pooled thread 41] INFO  c.b.l.BrowserStackRunExtension - application
16:08:42.139 [ApplicationImpl pooled thread 41] INFO  com.browserstack.utils.Helpers - null
16:10:08.379 [ApplicationImpl pooled thread 39] INFO  c.b.l.BrowserStackRunExtension - application
16:10:08.380 [ApplicationImpl pooled thread 39] INFO  com.browserstack.utils.Helpers - null
16:15:55.078 [ApplicationImpl pooled thread 46] INFO  c.b.l.BrowserStackRunExtension - application
16:15:55.079 [ApplicationImpl pooled thread 46] INFO  com.browserstack.utils.Helpers - null
16:17:01.322 [ApplicationImpl pooled thread 45] INFO  c.b.l.BrowserStackRunExtension - application
16:17:01.323 [ApplicationImpl pooled thread 45] INFO  com.browserstack.utils.Helpers - null
16:18:38.043 [ApplicationImpl pooled thread 46] INFO  c.b.l.BrowserStackRunExtension - application
16:18:38.043 [ApplicationImpl pooled thread 46] INFO  com.browserstack.utils.Helpers - null
16:28:16.342 [ApplicationImpl pooled thread 58] INFO  c.b.l.BrowserStackRunExtension - application
16:28:16.343 [ApplicationImpl pooled thread 58] INFO  com.browserstack.utils.Helpers - null
16:29:46.122 [ApplicationImpl pooled thread 58] INFO  c.b.l.BrowserStackRunExtension - application
16:29:46.122 [ApplicationImpl pooled thread 58] INFO  com.browserstack.utils.Helpers - null
16:39:45.296 [ApplicationImpl pooled thread 65] INFO  c.b.l.BrowserStackRunExtension - application
16:39:45.296 [ApplicationImpl pooled thread 65] INFO  com.browserstack.utils.Helpers - null
18:30:48.351 [ApplicationImpl pooled thread 17] INFO  c.b.l.BrowserStackRunExtension - application
18:30:48.357 [ApplicationImpl pooled thread 17] INFO  com.browserstack.utils.Helpers - null
18:47:15.592 [ApplicationImpl pooled thread 21] INFO  c.b.l.BrowserStackRunExtension - application
18:47:15.593 [ApplicationImpl pooled thread 21] INFO  com.browserstack.utils.Helpers - null
19:07:48.993 [ApplicationImpl pooled thread 21] INFO  c.b.l.BrowserStackRunExtension - application
19:07:48.994 [ApplicationImpl pooled thread 21] INFO  com.browserstack.utils.Helpers - null
19:22:49.959 [ApplicationImpl pooled thread 31] INFO  c.b.l.BrowserStackRunExtension - application
19:22:49.960 [ApplicationImpl pooled thread 31] INFO  com.browserstack.utils.Helpers - null
19:26:27.556 [ApplicationImpl pooled thread 32] INFO  c.b.l.BrowserStackRunExtension - application
19:26:27.557 [ApplicationImpl pooled thread 32] INFO  com.browserstack.utils.Helpers - null
19:43:29.795 [ApplicationImpl pooled thread 40] INFO  c.b.l.BrowserStackRunExtension - application
19:43:29.796 [ApplicationImpl pooled thread 40] INFO  com.browserstack.utils.Helpers - null
19:49:40.648 [ApplicationImpl pooled thread 43] INFO  c.b.l.BrowserStackRunExtension - application
19:49:40.648 [ApplicationImpl pooled thread 43] INFO  com.browserstack.utils.Helpers - null
20:15:44.067 [ApplicationImpl pooled thread 61] INFO  c.b.l.BrowserStackRunExtension - application
20:15:44.075 [ApplicationImpl pooled thread 61] INFO  com.browserstack.utils.Helpers - null
20:35:19.455 [ApplicationImpl pooled thread 70] INFO  c.b.l.BrowserStackRunExtension - application
20:35:19.455 [ApplicationImpl pooled thread 70] INFO  com.browserstack.utils.Helpers - null
20:46:27.757 [ApplicationImpl pooled thread 78] INFO  c.b.l.BrowserStackRunExtension - application
20:46:27.757 [ApplicationImpl pooled thread 78] INFO  com.browserstack.utils.Helpers - null
20:49:04.613 [ApplicationImpl pooled thread 80] INFO  c.b.l.BrowserStackRunExtension - application
20:49:04.614 [ApplicationImpl pooled thread 80] INFO  com.browserstack.utils.Helpers - null
20:49:41.291 [ApplicationImpl pooled thread 86] INFO  c.b.l.BrowserStackRunExtension - application
20:49:41.292 [ApplicationImpl pooled thread 86] INFO  com.browserstack.utils.Helpers - null
21:15:07.090 [ApplicationImpl pooled thread 96] INFO  c.b.l.BrowserStackRunExtension - application
21:15:07.091 [ApplicationImpl pooled thread 96] INFO  com.browserstack.utils.Helpers - null
21:21:06.743 [ApplicationImpl pooled thread 105] INFO  c.b.l.BrowserStackRunExtension - application
21:21:06.743 [ApplicationImpl pooled thread 105] INFO  com.browserstack.utils.Helpers - null
21:37:16.766 [ApplicationImpl pooled thread 115] INFO  c.b.l.BrowserStackRunExtension - application
21:37:16.766 [ApplicationImpl pooled thread 115] INFO  com.browserstack.utils.Helpers - null
21:46:56.042 [ApplicationImpl pooled thread 125] INFO  c.b.l.BrowserStackRunExtension - application
21:46:56.043 [ApplicationImpl pooled thread 125] INFO  com.browserstack.utils.Helpers - null
21:49:56.492 [ApplicationImpl pooled thread 120] INFO  c.b.l.BrowserStackRunExtension - application
21:49:56.492 [ApplicationImpl pooled thread 120] INFO  com.browserstack.utils.Helpers - null
21:52:29.367 [ApplicationImpl pooled thread 127] INFO  c.b.l.BrowserStackRunExtension - application
21:52:29.368 [ApplicationImpl pooled thread 127] INFO  com.browserstack.utils.Helpers - null
09:31:24.636 [ApplicationImpl pooled thread 5] INFO  c.b.l.BrowserStackRunExtension - application
09:31:24.644 [ApplicationImpl pooled thread 5] INFO  com.browserstack.utils.Helpers - null
09:37:07.401 [ApplicationImpl pooled thread 11] INFO  c.b.l.BrowserStackRunExtension - application
09:37:07.401 [ApplicationImpl pooled thread 11] INFO  com.browserstack.utils.Helpers - null
09:41:07.971 [ApplicationImpl pooled thread 11] INFO  c.b.l.BrowserStackRunExtension - application
09:41:07.971 [ApplicationImpl pooled thread 11] INFO  com.browserstack.utils.Helpers - null
10:00:34.322 [ApplicationImpl pooled thread 31] INFO  c.b.l.BrowserStackRunExtension - application
10:00:34.322 [ApplicationImpl pooled thread 31] INFO  com.browserstack.utils.Helpers - null
10:16:33.598 [ApplicationImpl pooled thread 41] INFO  c.b.l.BrowserStackRunExtension - application
10:16:33.598 [ApplicationImpl pooled thread 41] INFO  com.browserstack.utils.Helpers - null
10:32:27.204 [ApplicationImpl pooled thread 46] INFO  c.b.l.BrowserStackRunExtension - application
10:32:27.204 [ApplicationImpl pooled thread 46] INFO  com.browserstack.utils.Helpers - null
11:15:20.001 [ApplicationImpl pooled thread 64] INFO  c.b.l.BrowserStackRunExtension - application
11:15:20.002 [ApplicationImpl pooled thread 64] INFO  com.browserstack.utils.Helpers - null
11:20:02.844 [ApplicationImpl pooled thread 73] INFO  c.b.l.BrowserStackRunExtension - application
11:20:02.845 [ApplicationImpl pooled thread 73] INFO  com.browserstack.utils.Helpers - null
11:24:26.774 [ApplicationImpl pooled thread 77] INFO  c.b.l.BrowserStackRunExtension - application
11:24:26.774 [ApplicationImpl pooled thread 77] INFO  com.browserstack.utils.Helpers - null
11:50:21.170 [ApplicationImpl pooled thread 92] INFO  c.b.l.BrowserStackRunExtension - application
11:50:21.170 [ApplicationImpl pooled thread 92] INFO  com.browserstack.utils.Helpers - null
11:58:41.910 [ApplicationImpl pooled thread 5] INFO  c.b.l.BrowserStackRunExtension - application
11:58:41.918 [ApplicationImpl pooled thread 5] INFO  com.browserstack.utils.Helpers - null
12:01:38.501 [ApplicationImpl pooled thread 9] INFO  c.b.l.BrowserStackRunExtension - application
12:01:38.501 [ApplicationImpl pooled thread 9] INFO  com.browserstack.utils.Helpers - null
12:03:55.528 [ApplicationImpl pooled thread 14] INFO  c.b.l.BrowserStackRunExtension - application
12:03:55.528 [ApplicationImpl pooled thread 14] INFO  com.browserstack.utils.Helpers - null
12:48:55.840 [ApplicationImpl pooled thread 29] INFO  c.b.l.BrowserStackRunExtension - application
12:48:55.840 [ApplicationImpl pooled thread 29] INFO  com.browserstack.utils.Helpers - null
12:53:04.583 [ApplicationImpl pooled thread 28] INFO  c.b.l.BrowserStackRunExtension - application
12:53:04.583 [ApplicationImpl pooled thread 28] INFO  com.browserstack.utils.Helpers - null
12:56:11.221 [ApplicationImpl pooled thread 35] INFO  c.b.l.BrowserStackRunExtension - application
12:56:11.221 [ApplicationImpl pooled thread 35] INFO  com.browserstack.utils.Helpers - null
13:00:20.525 [ApplicationImpl pooled thread 36] INFO  c.b.l.BrowserStackRunExtension - application
13:00:20.525 [ApplicationImpl pooled thread 36] INFO  com.browserstack.utils.Helpers - null
13:27:00.296 [ApplicationImpl pooled thread 47] INFO  c.b.l.BrowserStackRunExtension - application
13:27:00.296 [ApplicationImpl pooled thread 47] INFO  com.browserstack.utils.Helpers - null
13:28:48.311 [ApplicationImpl pooled thread 57] INFO  c.b.l.BrowserStackRunExtension - application
13:28:48.312 [ApplicationImpl pooled thread 57] INFO  com.browserstack.utils.Helpers - null
16:24:58.083 [ApplicationImpl pooled thread 77] INFO  c.b.l.BrowserStackRunExtension - application
16:24:58.084 [ApplicationImpl pooled thread 77] INFO  com.browserstack.utils.Helpers - null
16:33:27.975 [ApplicationImpl pooled thread 81] INFO  c.b.l.BrowserStackRunExtension - application
16:33:27.975 [ApplicationImpl pooled thread 81] INFO  com.browserstack.utils.Helpers - null
16:37:09.696 [ApplicationImpl pooled thread 81] INFO  c.b.l.BrowserStackRunExtension - application
16:37:09.696 [ApplicationImpl pooled thread 81] INFO  com.browserstack.utils.Helpers - null
16:38:57.654 [ApplicationImpl pooled thread 88] INFO  c.b.l.BrowserStackRunExtension - application
16:38:57.655 [ApplicationImpl pooled thread 88] INFO  com.browserstack.utils.Helpers - null
16:41:18.095 [ApplicationImpl pooled thread 1] INFO  c.b.l.BrowserStackRunExtension - application
16:41:18.103 [ApplicationImpl pooled thread 1] INFO  com.browserstack.utils.Helpers - null
16:43:47.057 [ApplicationImpl pooled thread 10] INFO  c.b.l.BrowserStackRunExtension - application
16:43:47.057 [ApplicationImpl pooled thread 10] INFO  com.browserstack.utils.Helpers - null
16:46:15.736 [ApplicationImpl pooled thread 13] INFO  c.b.l.BrowserStackRunExtension - application
16:46:15.736 [ApplicationImpl pooled thread 13] INFO  com.browserstack.utils.Helpers - null
16:51:49.513 [ApplicationImpl pooled thread 14] INFO  c.b.l.BrowserStackRunExtension - application
16:51:49.514 [ApplicationImpl pooled thread 14] INFO  com.browserstack.utils.Helpers - null
16:57:51.849 [ApplicationImpl pooled thread 20] INFO  c.b.l.BrowserStackRunExtension - application
16:57:51.850 [ApplicationImpl pooled thread 20] INFO  com.browserstack.utils.Helpers - null
17:11:04.266 [ApplicationImpl pooled thread 27] INFO  c.b.l.BrowserStackRunExtension - application
17:11:04.266 [ApplicationImpl pooled thread 27] INFO  com.browserstack.utils.Helpers - null
17:13:20.733 [ApplicationImpl pooled thread 26] INFO  c.b.l.BrowserStackRunExtension - application
17:13:20.733 [ApplicationImpl pooled thread 26] INFO  com.browserstack.utils.Helpers - null
17:15:53.093 [ApplicationImpl pooled thread 33] INFO  c.b.l.BrowserStackRunExtension - application
17:15:53.093 [ApplicationImpl pooled thread 33] INFO  com.browserstack.utils.Helpers - null
17:18:48.870 [ApplicationImpl pooled thread 38] INFO  c.b.l.BrowserStackRunExtension - application
17:18:48.871 [ApplicationImpl pooled thread 38] INFO  com.browserstack.utils.Helpers - null
17:27:47.811 [ApplicationImpl pooled thread 43] INFO  c.b.l.BrowserStackRunExtension - application
17:27:47.811 [ApplicationImpl pooled thread 43] INFO  com.browserstack.utils.Helpers - null
17:31:21.999 [ApplicationImpl pooled thread 43] INFO  c.b.l.BrowserStackRunExtension - application
17:31:21.999 [ApplicationImpl pooled thread 43] INFO  com.browserstack.utils.Helpers - null
17:47:23.429 [ApplicationImpl pooled thread 50] INFO  c.b.l.BrowserStackRunExtension - application
17:47:23.429 [ApplicationImpl pooled thread 50] INFO  com.browserstack.utils.Helpers - null
18:00:42.648 [ApplicationImpl pooled thread 61] INFO  c.b.l.BrowserStackRunExtension - application
18:00:42.649 [ApplicationImpl pooled thread 61] INFO  com.browserstack.utils.Helpers - null
18:01:40.967 [ApplicationImpl pooled thread 57] INFO  c.b.l.BrowserStackRunExtension - application
18:01:40.967 [ApplicationImpl pooled thread 57] INFO  com.browserstack.utils.Helpers - null
18:09:40.419 [ApplicationImpl pooled thread 68] INFO  c.b.l.BrowserStackRunExtension - application
18:09:40.419 [ApplicationImpl pooled thread 68] INFO  com.browserstack.utils.Helpers - null
18:17:16.169 [ApplicationImpl pooled thread 66] INFO  c.b.l.BrowserStackRunExtension - application
18:17:16.170 [ApplicationImpl pooled thread 66] INFO  com.browserstack.utils.Helpers - null
18:18:02.475 [ApplicationImpl pooled thread 72] INFO  c.b.l.BrowserStackRunExtension - application
18:18:02.476 [ApplicationImpl pooled thread 72] INFO  com.browserstack.utils.Helpers - null
18:33:04.145 [ApplicationImpl pooled thread 81] INFO  c.b.l.BrowserStackRunExtension - application
18:33:04.146 [ApplicationImpl pooled thread 81] INFO  com.browserstack.utils.Helpers - null
18:44:30.229 [ApplicationImpl pooled thread 80] INFO  c.b.l.BrowserStackRunExtension - junit
18:44:30.229 [ApplicationImpl pooled thread 80] INFO  com.browserstack.utils.Helpers - null
18:44:30.230 [ApplicationImpl pooled thread 80] INFO  c.b.l.BrowserStackRunExtension - Agent path: null
18:45:55.956 [ApplicationImpl pooled thread 88] INFO  c.b.l.BrowserStackRunExtension - junit
18:45:55.957 [ApplicationImpl pooled thread 88] INFO  com.browserstack.utils.Helpers - null
18:45:55.958 [ApplicationImpl pooled thread 88] INFO  c.b.l.BrowserStackRunExtension - Agent path: null
18:49:08.016 [ApplicationImpl pooled thread 84] INFO  c.b.l.BrowserStackRunExtension - junit
18:49:08.016 [ApplicationImpl pooled thread 84] INFO  com.browserstack.utils.Helpers - null
18:49:08.017 [ApplicationImpl pooled thread 84] INFO  c.b.l.BrowserStackRunExtension - Agent path: null
18:50:04.205 [ApplicationImpl pooled thread 92] INFO  c.b.l.BrowserStackRunExtension - junit
18:50:04.205 [ApplicationImpl pooled thread 92] INFO  com.browserstack.utils.Helpers - null
18:50:04.206 [ApplicationImpl pooled thread 92] INFO  c.b.l.BrowserStackRunExtension - Agent path: null
18:50:33.657 [ApplicationImpl pooled thread 92] INFO  c.b.l.BrowserStackRunExtension - application
18:50:33.658 [ApplicationImpl pooled thread 92] INFO  com.browserstack.utils.Helpers - null
20:34:54.158 [ApplicationImpl pooled thread 104] INFO  c.b.l.BrowserStackRunExtension - application
20:34:54.159 [ApplicationImpl pooled thread 104] INFO  com.browserstack.utils.Helpers - null
10:42:46.050 [ApplicationImpl pooled thread 13] INFO  c.b.l.BrowserStackRunExtension - application
10:42:46.050 [ApplicationImpl pooled thread 13] INFO  com.browserstack.utils.Helpers - null
10:49:10.014 [ApplicationImpl pooled thread 14] INFO  c.b.l.BrowserStackRunExtension - junit
10:49:10.014 [ApplicationImpl pooled thread 14] INFO  com.browserstack.utils.Helpers - null
10:49:10.014 [ApplicationImpl pooled thread 14] INFO  c.b.l.BrowserStackRunExtension - Agent path: null
10:51:19.753 [ApplicationImpl pooled thread 20] INFO  c.b.l.BrowserStackRunExtension - junit
10:51:19.753 [ApplicationImpl pooled thread 20] INFO  com.browserstack.utils.Helpers - null
10:51:19.753 [ApplicationImpl pooled thread 20] INFO  c.b.l.BrowserStackRunExtension - Agent path: null
10:52:10.190 [ApplicationImpl pooled thread 17] INFO  c.b.l.BrowserStackRunExtension - junit
10:52:10.190 [ApplicationImpl pooled thread 17] INFO  com.browserstack.utils.Helpers - null
10:52:10.198 [ApplicationImpl pooled thread 17] INFO  c.b.l.BrowserStackRunExtension - Agent path: null
